智能云考勤系统/smartcloud/proguard/seeds.txt
com.nuc.smallchampion.lovingdraw.Draw
com.nuc.smallchampion.lovingdraw.Draw: Draw()
com.nuc.smallchampion.lovingdraw.MyAbsolutelayout
com.nuc.smallchampion.lovingdraw.MyAbsolutelayout: MyAbsolutelayout(android.content.Context)
com.nuc.smallchampion.lovingdraw.MyAbsolutelayout: MyAbsolutelayout(android.content.Context,android.util.AttributeSet)
com.nuc.smallchampion.mainview.About
com.nuc.smallchampion.mainview.About: About()
com.nuc.smallchampion.mainview.About_Lin
com.nuc.smallchampion.mainview.About_Lin: About_Lin()
com.nuc.smallchampion.mainview.About_Liu
com.nuc.smallchampion.mainview.About_Liu: About_Liu()
com.nuc.smallchampion.mainview.About_Loading
com.nuc.smallchampion.mainview.About_Loading: About_Loading()
com.nuc.smallchampion.mainview.About_zhao
com.nuc.smallchampion.mainview.About_zhao: About_zhao()
com.nuc.smallchampion.mainview.Loading_AddGesture
com.nuc.smallchampion.mainview.Loading_AddGesture: Loading_AddGesture()
com.nuc.smallchampion.mainview.Loading_Draw
com.nuc.smallchampion.mainview.Loading_Draw: Loading_Draw()
com.nuc.smallchampion.mainview.Loading_Link
com.nuc.smallchampion.mainview.Loading_Link: Loading_Link()
com.nuc.smallchampion.mainview.Loading_PuzzleGame_Main
com.nuc.smallchampion.mainview.Loading_PuzzleGame_Main: Loading_PuzzleGame_Main()
com.nuc.smallchampion.mainview.MainActivity
com.nuc.smallchampion.mainview.MainActivity: MainActivity()
com.nuc.smallchampion.puzzlegame.PuzzleGame
com.nuc.smallchampion.puzzlegame.PuzzleGame: PuzzleGame()
com.nuc.smallchampion.puzzlegame.PuzzleGame1
com.nuc.smallchampion.puzzlegame.PuzzleGame1: PuzzleGame1()
com.nuc.smallchampion.puzzlegame.PuzzleGame10
com.nuc.smallchampion.puzzlegame.PuzzleGame10: PuzzleGame10()
com.nuc.smallchampion.puzzlegame.PuzzleGame11
com.nuc.smallchampion.puzzlegame.PuzzleGame11: PuzzleGame11()
com.nuc.smallchampion.puzzlegame.PuzzleGame12
com.nuc.smallchampion.puzzlegame.PuzzleGame12: PuzzleGame12()
com.nuc.smallchampion.puzzlegame.PuzzleGame13
com.nuc.smallchampion.puzzlegame.PuzzleGame13: PuzzleGame13()
com.nuc.smallchampion.puzzlegame.PuzzleGame14
com.nuc.smallchampion.puzzlegame.PuzzleGame14: PuzzleGame14()
com.nuc.smallchampion.puzzlegame.PuzzleGame2
com.nuc.smallchampion.puzzlegame.PuzzleGame2: PuzzleGame2()
com.nuc.smallchampion.puzzlegame.PuzzleGame3
com.nuc.smallchampion.puzzlegame.PuzzleGame3: PuzzleGame3()
com.nuc.smallchampion.puzzlegame.PuzzleGame4
com.nuc.smallchampion.puzzlegame.PuzzleGame4: PuzzleGame4()
com.nuc.smallchampion.puzzlegame.PuzzleGame5
com.nuc.smallchampion.puzzlegame.PuzzleGame5: PuzzleGame5()
com.nuc.smallchampion.puzzlegame.PuzzleGame6
com.nuc.smallchampion.puzzlegame.PuzzleGame6: PuzzleGame6()
com.nuc.smallchampion.puzzlegame.PuzzleGame7
com.nuc.smallchampion.puzzlegame.PuzzleGame7: PuzzleGame7()
com.nuc.smallchampion.puzzlegame.PuzzleGame9
com.nuc.smallchampion.puzzlegame.PuzzleGame9: PuzzleGame9()
com.nuc.smallchampion.puzzlegame.PuzzleGame_Choose
com.nuc.smallchampion.puzzlegame.PuzzleGame_Choose: PuzzleGame_Choose()
com.nuc.smallchampion.util.SmsReceiver
com.nuc.smallchampion.write.AddGesture
com.nuc.smallchampion.write.AddGesture: AddGesture()
com.nuc.smallchampion.write.AddGesture1
com.nuc.smallchampion.write.AddGesture1: AddGesture1()
com.nuc.smallchampion.write.AddGesture10
com.nuc.smallchampion.write.AddGesture10: AddGesture10()
com.nuc.smallchampion.write.AddGesture11
com.nuc.smallchampion.write.AddGesture11: AddGesture11()
com.nuc.smallchampion.write.AddGesture12
com.nuc.smallchampion.write.AddGesture12: AddGesture12()
com.nuc.smallchampion.write.AddGesture13
com.nuc.smallchampion.write.AddGesture13: AddGesture13()
com.nuc.smallchampion.write.AddGesture14
com.nuc.smallchampion.write.AddGesture14: AddGesture14()
com.nuc.smallchampion.write.AddGesture15
com.nuc.smallchampion.write.AddGesture15: AddGesture15()
com.nuc.smallchampion.write.AddGesture16
com.nuc.smallchampion.write.AddGesture16: AddGesture16()