智能云考勤系统/smartcloud/proguard/mapping.txt
com.nuc.smallchampion.R -> com.nuc.smallchampion.a:
com.nuc.smallchampion.R$styleable -> com.nuc.smallchampion.b:
    int[] Gallery -> a
com.nuc.smallchampion.link.Link -> com.nuc.smallchampion.link.Link:
    android.widget.ImageButton btnPlay -> c
    android.widget.ImageButton btnRefresh -> d
    android.widget.ImageButton btnTip -> e
    android.widget.ImageView imgTitle -> f
    com.nuc.smallchampion.link.view.GameView gameView -> g
    android.widget.SeekBar progress -> h
    com.nuc.smallchampion.link.MyDialog dialog -> i
    android.widget.ImageView clock -> j
    android.widget.TextView textRefreshNum -> k
    android.widget.TextView textTipNum -> l
    boolean isplaying -> m
    java.lang.String time -> a
    int FONT_10 -> b
    android.os.Handler handler -> n
    boolean onCreateOptionsMenu(android.view.Menu) -> onCreateOptionsMenu
    boolean onOptionsItemSelected(android.view.MenuItem) -> onOptionsItemSelected
    void onCreate(android.os.Bundle) -> onCreate
    boolean onKeyDown(int,android.view.KeyEvent) -> onKeyDown
    void onPause() -> onPause
    void onResume() -> onResume
    void onDestroy() -> onDestroy
    void onClick(android.view.View) -> onClick
    void onTimer(int) -> a
    void OnStateChanged(int) -> b
    void onRefreshChanged$13462e() -> a
    void onTipChanged$13462e() -> b
    void quit() -> c
    com.nuc.smallchampion.link.view.GameView access$0(com.nuc.smallchampion.link.Link) -> a
    android.widget.SeekBar access$1(com.nuc.smallchampion.link.Link) -> b
com.nuc.smallchampion.link.Link$1 -> com.nuc.smallchampion.link.a:
    com.nuc.smallchampion.link.Link this$0 -> a
    void handleMessage(android.os.Message) -> handleMessage
com.nuc.smallchampion.link.Link$2 -> com.nuc.smallchampion.link.b:
    com.nuc.smallchampion.link.Link this$0 -> a
    void run() -> run
com.nuc.smallchampion.link.MyDialog -> com.nuc.smallchampion.link.c:
    com.nuc.smallchampion.link.view.GameView gameview -> a
    android.content.Context context -> b
    void onClick(android.view.View) -> onClick
    android.content.Context access$0(com.nuc.smallchampion.link.MyDialog) -> a
com.nuc.smallchampion.link.MyDialog$1 -> com.nuc.smallchampion.link.d:
    com.nuc.smallchampion.link.MyDialog this$0 -> a
    void onClick(android.content.DialogInterface,int) -> onClick
com.nuc.smallchampion.link.MyDialog$2 -> com.nuc.smallchampion.link.e:
    com.nuc.smallchampion.link.MyDialog this$0 -> a
    void onClick(android.content.DialogInterface,int) -> onClick
com.nuc.smallchampion.link.SoundPlay -> com.nuc.smallchampion.link.f:
    int streamVolume -> a
    android.media.SoundPool soundPool -> b
    java.util.HashMap soundPoolMap -> c
    void initSounds(android.content.Context) -> a
    void loadSfx(android.content.Context,int,int) -> a
    void play$255f295(int) -> a
com.nuc.smallchampion.link.SplashscreenActivity -> com.nuc.smallchampion.link.SplashscreenActivity:
    boolean isInit -> c
    float curX -> d
    float curY -> e
    float nextX -> a
    float nextY -> b
    android.os.Handler mHandler -> f
    boolean onKeyDown(int,android.view.KeyEvent) -> onKeyDown
    void onCreate(android.os.Bundle) -> onCreate
    boolean access$0(com.nuc.smallchampion.link.SplashscreenActivity) -> a
    android.os.Handler access$1(com.nuc.smallchampion.link.SplashscreenActivity) -> b
    void access$2(com.nuc.smallchampion.link.SplashscreenActivity,float) -> a
    float access$3(com.nuc.smallchampion.link.SplashscreenActivity) -> c
    float access$4(com.nuc.smallchampion.link.SplashscreenActivity) -> d
    void access$5(com.nuc.smallchampion.link.SplashscreenActivity,float) -> b
com.nuc.smallchampion.link.SplashscreenActivity$1 -> com.nuc.smallchampion.link.g:
    com.nuc.smallchampion.link.SplashscreenActivity this$0 -> a
    void handleMessage(android.os.Message) -> handleMessage