智能云考勤系统/smartcloud/proguard/usage.txt
com.nuc.smallchampion.puzzlegame.PuzzleGame6:
    private android.widget.ImageView imageView
    private android.media.MediaPlayer mplayer
    private android.media.MediaPlayer mplayer1
    private boolean isplaying
    private android.widget.Button pause1
    private android.widget.Button cancel
    private long exitTime
    private android.app.AlertDialog$Builder lostDialog
    private android.widget.TextView timeTextView
    private boolean isPlaying
    232:234:private void stopTimer()
com.nuc.smallchampion.puzzlegame.PuzzleGame7:
    private android.widget.ImageView imageView
    private android.media.MediaPlayer mplayer
    private android.media.MediaPlayer mplayer1
    private boolean isplaying
    private android.widget.Button pause1
    private android.widget.Button cancel
    private long exitTime
    private android.app.AlertDialog$Builder lostDialog
    private android.widget.TextView timeTextView
    private boolean isPlaying
    229:231:private void stopTimer()
com.nuc.smallchampion.puzzlegame.PuzzleGame9:
    private android.widget.ImageView imageView
    private android.media.MediaPlayer mplayer
    private android.media.MediaPlayer mplayer1
    private boolean isplaying
    private android.widget.Button pause1
    private android.widget.Button cancel
    private long exitTime
    private android.app.AlertDialog$Builder lostDialog
    private android.widget.TextView timeTextView
    private boolean isPlaying
    230:232:private void stopTimer()
com.nuc.smallchampion.puzzlegame.PuzzleGame_Choose:
    private static final java.lang.String TAG
    private android.widget.SimpleAdapter saImageItems
com.nuc.smallchampion.util.Assist:
    public static boolean cameraFlag
    public static boolean isSensorMove
    22:22:public Assist()
    52:55:public static final void initVariable()
    61:68:public static final long exitTwiceTouch(android.app.Activity,long)
    82:86:public static void setFullScreen(android.app.Activity)
    89:90:public static int getDeviceScreenWidth(android.content.Context)
    94:95:public static int getDeviceScreenHeight(android.content.Context)
    104:107:public static void SetScreenBright(float,android.app.Activity)
    110:111:public static float getScreenBright(android.app.Activity)
    115:122:public static java.lang.String getSDPath()
    127:133:public static void saveSharedPre(android.content.Context,java.lang.String,int)
com.nuc.smallchampion.util.BitmapUtils
com.nuc.smallchampion.util.Constant:
    public static final float appVersion
    public static final boolean CNZZ
    public static final int lowScreenW
    public static final int highScreenW
    public static final int highScreenSize
    public static final int playerAllHP
    public static final byte GAME_PAUSE
    public static final byte GAMEING
    public static final byte GAME_WIN
    public static final byte GAME_FAIL
    public static final byte GAME_DRAMA
    public static final byte RECYCLE_DRAMA
    public static final short TYPE_BACKGRUND01_01
    public static final short TYPE_BACKGRUND01_02
    public static final short TYPE_BACKGRUND01_03
    public static final short TYPE_BACKGRUND01_04
    public static final short TYPE_BACKGRUND02
    public static final short TYPE_DRAMA_LEVEL01_MARS
    public static final short TYPE_DRAMA_LEVEL01_EARTH
    public static final short TYPE_DRAMA_LEVEL01_SUN
    public static final short TYPE_PLAYER_ALL
    public static final short TYPE_PLAYER
    public static final short TYPE_FLY
    public static final short TYPE_DUCKL
    public static final short TYPE_DUCKR
    public static final short TYPE_BOSS
    public static final short TYPE_PLAYER_BULLET
    public static final short TYPE_FLY_BULLET
    public static final short TYPE_DUCK_BULLET
    public static final short TYPE_BOSS_BULLET
    public static final short TYPE_BOSS_BULLET_CRAZY
    public static final short TYPE_BOOM_DUCK